  Source.cpp
C:\Users\RAGY\source\repos\Project2\Project2\Source.cpp(65,23): warning C4244: 'initializing': conversion from 'T' to 'int', possible loss of data
          with
          [
              T=float
          ]
C:\Users\RAGY\source\repos\Project2\Project2\Source.cpp(65,65): warning C4244: 'initializing': conversion from 'T' to 'int', possible loss of data
          with
          [
              T=float
          ]
C:\Users\RAGY\source\repos\Project2\Project2\Source.cpp(76,23): warning C4244: 'initializing': conversion from 'T' to 'int', possible loss of data
          with
          [
              T=float
          ]
C:\Users\RAGY\source\repos\Project2\Project2\Source.cpp(76,65): warning C4244: 'initializing': conversion from 'T' to 'int', possible loss of data
          with
          [
              T=float
          ]
C:\Users\RAGY\source\repos\Project2\Project2\Source.cpp(86,23): warning C4244: 'initializing': conversion from 'T' to 'int', possible loss of data
          with
          [
              T=float
          ]
C:\Users\RAGY\source\repos\Project2\Project2\Source.cpp(86,58): warning C4244: 'initializing': conversion from 'T' to 'int', possible loss of data
          with
          [
              T=float
          ]
C:\Users\RAGY\source\repos\Project2\Project2\Source.cpp(95,23): warning C4244: 'initializing': conversion from 'T' to 'int', possible loss of data
          with
          [
              T=float
          ]
C:\Users\RAGY\source\repos\Project2\Project2\Source.cpp(95,58): warning C4244: 'initializing': conversion from 'T' to 'int', possible loss of data
          with
          [
              T=float
          ]
C:\Users\RAGY\source\repos\Project2\Project2\Source.cpp(119,11): warning C4244: 'initializing': conversion from 'T' to 'int', possible loss of data
          with
          [
              T=float
          ]
C:\Users\RAGY\source\repos\Project2\Project2\Source.cpp(119,44): warning C4244: 'initializing': conversion from 'T' to 'int', possible loss of data
          with
          [
              T=float
          ]
C:\Users\RAGY\source\repos\Project2\Project2\Source.cpp(132,11): warning C4244: 'initializing': conversion from 'T' to 'int', possible loss of data
          with
          [
              T=float
          ]
C:\Users\RAGY\source\repos\Project2\Project2\Source.cpp(132,44): warning C4244: 'initializing': conversion from 'T' to 'int', possible loss of data
          with
          [
              T=float
          ]
C:\Users\RAGY\source\repos\Project2\Project2\Source.cpp(168,1): warning C4326: return type of 'main' should be 'int' instead of 'void'
C:\Users\RAGY\source\repos\Project2\Project2\Source.cpp(288,30): warning C4305: 'argument': truncation from 'double' to 'float'
C:\Users\RAGY\source\repos\Project2\Project2\Source.cpp(289,34): warning C4305: 'argument': truncation from 'double' to 'float'
C:\Users\RAGY\source\repos\Project2\Project2\Source.cpp(292,59): warning C4305: 'argument': truncation from 'double' to 'float'
C:\Users\RAGY\source\repos\Project2\Project2\Source.cpp(295,63): warning C4305: 'argument': truncation from 'double' to 'float'
C:\Users\RAGY\source\repos\Project2\Project2\Source.cpp(303,50): warning C4244: 'argument': conversion from 'double' to 'T', possible loss of data
          with
          [
              T=int
          ]
C:\Users\RAGY\source\repos\Project2\Project2\Source.cpp(303,40): warning C4244: 'argument': conversion from 'double' to 'T', possible loss of data
          with
          [
              T=int
          ]
C:\Users\RAGY\source\repos\Project2\Project2\Source.cpp(304,48): warning C4244: 'argument': conversion from 'double' to 'T', possible loss of data
          with
          [
              T=int
          ]
C:\Users\RAGY\source\repos\Project2\Project2\Source.cpp(305,50): warning C4244: 'argument': conversion from 'double' to 'T', possible loss of data
          with
          [
              T=int
          ]
C:\Users\RAGY\source\repos\Project2\Project2\Source.cpp(305,40): warning C4244: 'argument': conversion from 'double' to 'T', possible loss of data
          with
          [
              T=int
          ]
C:\Users\RAGY\source\repos\Project2\Project2\Source.cpp(336,54): warning C4244: '=': conversion from 'T' to 'int', possible loss of data
          with
          [
              T=float
          ]
C:\Users\RAGY\source\repos\Project2\Project2\Source.cpp(337,46): warning C4244: '=': conversion from 'T' to 'int', possible loss of data
          with
          [
              T=float
          ]
C:\Users\RAGY\source\repos\Project2\Project2\Source.cpp(338,55): warning C4244: '=': conversion from 'T' to 'int', possible loss of data
          with
          [
              T=float
          ]
C:\Users\RAGY\source\repos\Project2\Project2\Source.cpp(339,52): warning C4244: '=': conversion from 'T' to 'int', possible loss of data
          with
          [
              T=float
          ]
C:\Users\RAGY\source\repos\Project2\Project2\Source.cpp(340,46): warning C4244: '=': conversion from 'T' to 'int', possible loss of data
          with
          [
              T=float
          ]
C:\Users\RAGY\source\repos\Project2\Project2\Source.cpp(341,54): warning C4244: '=': conversion from 'T' to 'int', possible loss of data
          with
          [
              T=float
          ]
C:\Users\RAGY\source\repos\Project2\Project2\Source.cpp(396,18): warning C4244: 'initializing': conversion from 'const T' to 'int', possible loss of data
          with
          [
              T=float
          ]
C:\Users\RAGY\source\repos\Project2\Project2\Source.cpp(397,18): warning C4244: 'initializing': conversion from 'const T' to 'int', possible loss of data
          with
          [
              T=float
          ]
C:\Users\RAGY\source\repos\Project2\Project2\Source.cpp(401,50): warning C4244: 'argument': conversion from 'int' to 'float', possible loss of data
C:\Users\RAGY\source\repos\Project2\Project2\Source.cpp(401,37): warning C4244: 'argument': conversion from 'int' to 'float', possible loss of data
C:\Users\RAGY\source\repos\Project2\Project2\Source.cpp(423,24): warning C4244: 'initializing': conversion from 'const T' to 'int', possible loss of data
          with
          [
              T=float
          ]
C:\Users\RAGY\source\repos\Project2\Project2\Source.cpp(424,24): warning C4244: 'initializing': conversion from 'const T' to 'int', possible loss of data
          with
          [
              T=float
          ]
C:\Users\RAGY\source\repos\Project2\Project2\Source.cpp(586,79): warning C4244: 'argument': conversion from 'double' to 'T', possible loss of data
          with
          [
              T=int
          ]
C:\Users\RAGY\source\repos\Project2\Project2\Source.cpp(586,73): warning C4244: 'argument': conversion from 'double' to 'T', possible loss of data
          with
          [
              T=int
          ]
C:\Users\RAGY\source\repos\Project2\Project2\Source.cpp(586,65): warning C4244: 'argument': conversion from 'double' to 'T', possible loss of data
          with
          [
              T=int
          ]
C:\Users\RAGY\source\repos\Project2\Project2\Source.cpp(586,52): warning C4244: 'argument': conversion from 'double' to 'T', possible loss of data
          with
          [
              T=int
          ]
C:\Users\RAGY\source\repos\Project2\Project2\Source.cpp(587,64): warning C4244: 'argument': conversion from 'double' to 'T', possible loss of data
          with
          [
              T=int
          ]
C:\Users\RAGY\source\repos\Project2\Project2\Source.cpp(588,67): warning C4244: 'argument': conversion from 'double' to 'T', possible loss of data
          with
          [
              T=int
          ]
C:\Users\RAGY\source\repos\Project2\Project2\Source.cpp(588,57): warning C4244: 'argument': conversion from 'double' to 'T', possible loss of data
          with
          [
              T=int
          ]
C:\Users\RAGY\source\repos\Project2\Project2\Source.cpp(589,65): warning C4244: 'argument': conversion from 'double' to 'T', possible loss of data
          with
          [
              T=int
          ]
C:\Users\RAGY\source\repos\Project2\Project2\Source.cpp(590,67): warning C4244: 'argument': conversion from 'double' to 'T', possible loss of data
          with
          [
              T=int
          ]
C:\Users\RAGY\source\repos\Project2\Project2\Source.cpp(590,57): warning C4244: 'argument': conversion from 'double' to 'T', possible loss of data
          with
          [
              T=int
          ]
C:\Users\RAGY\source\repos\Project2\Project2\Source.cpp(612,52): warning C4244: 'argument': conversion from 'int' to 'float', possible loss of data
C:\Users\RAGY\source\repos\Project2\Project2\Source.cpp(612,44): warning C4244: 'argument': conversion from 'int' to 'float', possible loss of data
C:\Users\RAGY\source\repos\Project2\Project2\Source.cpp(643,63): warning C4244: 'argument': conversion from 'double' to 'float', possible loss of data
C:\Users\RAGY\source\repos\Project2\Project2\Source.cpp(643,49): warning C4244: 'argument': conversion from 'double' to 'float', possible loss of data
C:\Users\RAGY\source\repos\Project2\Project2\Source.cpp(649,64): warning C4244: 'argument': conversion from 'double' to 'float', possible loss of data
C:\Users\RAGY\source\repos\Project2\Project2\Source.cpp(649,50): warning C4244: 'argument': conversion from 'double' to 'float', possible loss of data
C:\Users\RAGY\source\repos\Project2\Project2\Source.cpp(667,68): warning C4305: 'argument': truncation from 'double' to 'float'
C:\Users\RAGY\source\repos\Project2\Project2\Source.cpp(143): warning C4715: 'eatingcherrytest': not all control paths return a value
C:\Users\RAGY\source\repos\Project2\Project2\Source.cpp(128): warning C4715: 'eatingpointstest': not all control paths return a value
  Project2.vcxproj -> C:\Users\RAGY\source\repos\Project2\x64\Debug\Project2.exe
